# JRE version: Java(TM) SE Runtime Environment (7.0_71-b14) (build 1.7.0_71-b14)
# Java VM: Java HotSpot(TM) 64-Bit Server VM (24.71-b01 mixed mode windows-amd64 compressed oops)
Heap
 PSYoungGen      total 232448K, used 68105K [0x00000000eaa80000, 0x00000000ffa00000, 0x0000000100000000)
  eden space 128512K, 35% used [0x00000000eaa80000,0x00000000ed6e4770,0x00000000f2800000)
  from space 103936K, 21% used [0x00000000f9480000,0x00000000faa9dd30,0x00000000ffa00000)
  to   space 104960K, 0% used [0x00000000f2800000,0x00000000f2800000,0x00000000f8e80000)
 ParOldGen       total 698880K, used 488956K [0x00000000c0000000, 0x00000000eaa80000, 0x00000000eaa80000)
  object space 698880K, 69% used [0x00000000c0000000,0x00000000ddd7f070,0x00000000eaa80000)
 PSPermGen       total 21504K, used 6314K [0x00000000bae00000, 0x00000000bc300000, 0x00000000c0000000)
  object space 21504K, 29% used [0x00000000bae00000,0x00000000bb42a980,0x00000000bc300000)
GC Heap History (10 events):
Event: 18.308 GC heap before
{Heap before GC invocations=23 (full 2):
 PSYoungGen      total 237568K, used 187341K [0x00000000eaa80000, 0x0000000100000000, 0x0000000100000000)
  eden space 124416K, 100% used [0x00000000eaa80000,0x00000000f2400000,0x00000000f2400000)
  from space 113152K, 55% used [0x00000000f9180000,0x00000000fcef37a8,0x0000000100000000)
  to   space 112128K, 0% used [0x00000000f2400000,0x00000000f2400000,0x00000000f9180000)
 ParOldGen       total 486912K, used 370035K [0x00000000c0000000, 0x00000000ddb80000, 0x00000000eaa80000)
  object space 486912K, 75% used [0x00000000c0000000,0x00000000d695cfd0,0x00000000ddb80000)
 PSPermGen       total 21504K, used 6302K [0x00000000bae00000, 0x00000000bc300000, 0x00000000c0000000)
  object space 21504K, 29% used [0x00000000bae00000,0x00000000bb4279d8,0x00000000bc300000)
Event: 18.393 GC heap after
Heap after GC invocations=23 (full 2):
 PSYoungGen      total 183296K, used 58822K [0x00000000eaa80000, 0x00000000ff900000, 0x0000000100000000)
  eden space 124416K, 0% used [0x00000000eaa80000,0x00000000eaa80000,0x00000000f2400000)
  from space 58880K, 99% used [0x00000000f2400000,0x00000000f5d718c0,0x00000000f5d80000)
  to   space 109056K, 0% used [0x00000000f8e80000,0x00000000f8e80000,0x00000000ff900000)
 ParOldGen       total 486912K, used 394744K [0x00000000c0000000, 0x00000000ddb80000, 0x00000000eaa80000)
  object space 486912K, 81% used [0x00000000c0000000,0x00000000d817e130,0x00000000ddb80000)
 PSPermGen       total 21504K, used 6302K [0x00000000bae00000, 0x00000000bc300000, 0x00000000c0000000)
  object space 21504K, 29% used [0x00000000bae00000,0x00000000bb4279d8,0x00000000bc300000)
}
Event: 18.525 GC heap before
{Heap before GC invocations=24 (full 2):
 PSYoungGen      total 183296K, used 183238K [0x00000000eaa80000, 0x00000000ff900000, 0x0000000100000000)
  eden space 124416K, 100% used [0x00000000eaa80000,0x00000000f2400000,0x00000000f2400000)
  from space 58880K, 99% used [0x00000000f2400000,0x00000000f5d718c0,0x00000000f5d80000)
  to   space 109056K, 0% used [0x00000000f8e80000,0x00000000f8e80000,0x00000000ff900000)
 ParOldGen       total 486912K, used 394744K [0x00000000c0000000, 0x00000000ddb80000, 0x00000000eaa80000)
  object space 486912K, 81% used [0x00000000c0000000,0x00000000d817e130,0x00000000ddb80000)
 PSPermGen       total 21504K, used 6308K [0x00000000bae00000, 0x00000000bc300000, 0x00000000c0000000)
  object space 21504K, 29% used [0x00000000bae00000,0x00000000bb4293b8,0x00000000bc300000)
Event: 18.616 GC heap after
Heap after GC invocations=24 (full 2):
 PSYoungGen      total 237568K, used 41922K [0x00000000eaa80000, 0x0000000100000000, 0x0000000100000000)
  eden space 128512K, 0% used [0x00000000eaa80000,0x00000000eaa80000,0x00000000f2800000)
  from space 109056K, 38% used [0x00000000f8e80000,0x00000000fb770a30,0x00000000ff900000)
  to   space 104960K, 0% used [0x00000000f2800000,0x00000000f2800000,0x00000000f8e80000)
 ParOldGen       total 486912K, used 431986K [0x00000000c0000000, 0x00000000ddb80000, 0x00000000eaa80000)
  object space 486912K, 88% used [0x00000000c0000000,0x00000000da5dcb88,0x00000000ddb80000)
 PSPermGen       total 21504K, used 6308K [0x00000000bae00000, 0x00000000bc300000, 0x00000000c0000000)
  object space 21504K, 29% used [0x00000000bae00000,0x00000000bb4293b8,0x00000000bc300000)
}
Event: 18.805 GC heap before
{Heap before GC invocations=25 (full 2):
 PSYoungGen      total 237568K, used 170434K [0x00000000eaa80000, 0x0000000100000000, 0x0000000100000000)
  eden space 128512K, 100% used [0x00000000eaa80000,0x00000000f2800000,0x00000000f2800000)
  from space 109056K, 38% used [0x00000000f8e80000,0x00000000fb770a30,0x00000000ff900000)
  to   space 104960K, 0% used [0x00000000f2800000,0x00000000f2800000,0x00000000f8e80000)
 ParOldGen       total 486912K, used 431986K [0x00000000c0000000, 0x00000000ddb80000, 0x00000000eaa80000)
  object space 486912K, 88% used [0x00000000c0000000,0x00000000da5dcb88,0x00000000ddb80000)
 PSPermGen       total 21504K, used 6311K [0x00000000bae00000, 0x00000000bc300000, 0x00000000c0000000)
  object space 21504K, 29% used [0x00000000bae00000,0x00000000bb429e30,0x00000000bc300000)
Event: 18.922 GC heap after
Heap after GC invocations=25 (full 2):
 PSYoungGen      total 233472K, used 22712K [0x00000000eaa80000, 0x00000000ffa00000, 0x0000000100000000)
  eden space 128512K, 0% used [0x00000000eaa80000,0x00000000eaa80000,0x00000000f2800000)
  from space 104960K, 21% used [0x00000000f2800000,0x00000000f3e2e250,0x00000000f8e80000)
  to   space 103936K, 0% used [0x00000000f9480000,0x00000000f9480000,0x00000000ffa00000)
 ParOldGen       total 486912K, used 472842K [0x00000000c0000000, 0x00000000ddb80000, 0x00000000eaa80000)
  object space 486912K, 97% used [0x00000000c0000000,0x00000000dcdc29f0,0x00000000ddb80000)
 PSPermGen       total 21504K, used 6311K [0x00000000bae00000, 0x00000000bc300000, 0x00000000c0000000)
  object space 21504K, 29% used [0x00000000bae00000,0x00000000bb429e30,0x00000000bc300000)
}
Event: 18.922 GC heap before
{Heap before GC invocations=26 (full 3):
 PSYoungGen      total 233472K, used 22712K [0x00000000eaa80000, 0x00000000ffa00000, 0x0000000100000000)
  eden space 128512K, 0% used [0x00000000eaa80000,0x00000000eaa80000,0x00000000f2800000)
  from space 104960K, 21% used [0x00000000f2800000,0x00000000f3e2e250,0x00000000f8e80000)
  to   space 103936K, 0% used [0x00000000f9480000,0x00000000f9480000,0x00000000ffa00000)
 ParOldGen       total 486912K, used 472842K [0x00000000c0000000, 0x00000000ddb80000, 0x00000000eaa80000)
  object space 486912K, 97% used [0x00000000c0000000,0x00000000dcdc29f0,0x00000000ddb80000)
 PSPermGen       total 21504K, used 6311K [0x00000000bae00000, 0x00000000bc300000, 0x00000000c0000000)
  object space 21504K, 29% used [0x00000000bae00000,0x00000000bb429e30,0x00000000bc300000)
Event: 21.290 GC heap after
Heap after GC invocations=26 (full 3):
 PSYoungGen      total 233472K, used 3674K [0x00000000eaa80000, 0x00000000ffa00000, 0x0000000100000000)
  eden space 128512K, 0% used [0x00000000eaa80000,0x00000000eaa80000,0x00000000f2800000)
  from space 104960K, 3% used [0x00000000f2800000,0x00000000f2b96930,0x00000000f8e80000)
  to   space 103936K, 0% used [0x00000000f9480000,0x00000000f9480000,0x00000000ffa00000)
 ParOldGen       total 698880K, used 486476K [0x00000000c0000000, 0x00000000eaa80000, 0x00000000eaa80000)
  object space 698880K, 69% used [0x00000000c0000000,0x00000000ddb13070,0x00000000eaa80000)
 PSPermGen       total 21504K, used 6311K [0x00000000bae00000, 0x00000000bc300000, 0x00000000c0000000)
  object space 21504K, 29% used [0x00000000bae00000,0x00000000bb429d10,0x00000000bc300000)
}
Event: 21.591 GC heap before
{Heap before GC invocations=27 (full 3):
 PSYoungGen      total 233472K, used 132186K [0x00000000eaa80000, 0x00000000ffa00000, 0x0000000100000000)
  eden space 128512K, 100% used [0x00000000eaa80000,0x00000000f2800000,0x00000000f2800000)
  from space 104960K, 3% used [0x00000000f2800000,0x00000000f2b96930,0x00000000f8e80000)
  to   space 103936K, 0% used [0x00000000f9480000,0x00000000f9480000,0x00000000ffa00000)
 ParOldGen       total 698880K, used 486476K [0x00000000c0000000, 0x00000000eaa80000, 0x00000000eaa80000)
  object space 698880K, 69% used [0x00000000c0000000,0x00000000ddb13070,0x00000000eaa80000)
 PSPermGen       total 21504K, used 6313K [0x00000000bae00000, 0x00000000bc300000, 0x00000000c0000000)
  object space 21504K, 29% used [0x00000000bae00000,0x00000000bb42a730,0x00000000bc300000)
Event: 21.745 GC heap after
Heap after GC invocations=27 (full 3):
 PSYoungGen      total 232448K, used 22647K [0x00000000eaa80000, 0x00000000ffa00000, 0x0000000100000000)
  eden space 128512K, 0% used [0x00000000eaa80000,0x00000000eaa80000,0x00000000f2800000)
  from space 103936K, 21% used [0x00000000f9480000,0x00000000faa9dd30,0x00000000ffa00000)
  to   space 104960K, 0% used [0x00000000f2800000,0x00000000f2800000,0x00000000f8e80000)
 ParOldGen       total 698880K, used 488956K [0x00000000c0000000, 0x00000000eaa80000, 0x00000000eaa80000)
  object space 698880K, 69% used [0x00000000c0000000,0x00000000ddd7f070,0x00000000eaa80000)
 PSPermGen       total 21504K, used 6313K [0x00000000bae00000, 0x00000000bc300000, 0x00000000c0000000)
  object space 21504K, 29% used [0x00000000bae00000,0x00000000bb42a730,0x00000000bc300000)
}

